{"/Users/chema/projects/myCV/myCV/src/App.tsx": {"path":"/Users/chema/projects/myCV/myCV/src/App.tsx","all":false,"statementMap":{"0":{"start":{"line":1,"column":0},"end":{"line":1,"column":18}},"1":{"start":{"line":2,"column":0},"end":{"line":2,"column":50}},"2":{"start":{"line":3,"column":0},"end":{"line":3,"column":45}},"3":{"start":{"line":4,"column":0},"end":{"line":4,"column":56}},"5":{"start":{"line":6,"column":0},"end":{"line":6,"column":16}},"6":{"start":{"line":7,"column":0},"end":{"line":7,"column":10}},"7":{"start":{"line":8,"column":0},"end":{"line":8,"column":20}},"8":{"start":{"line":9,"column":0},"end":{"line":9,"column":20}},"9":{"start":{"line":10,"column":0},"end":{"line":10,"column":20}},"13":{"start":{"line":14,"column":0},"end":{"line":14,"column":1}},"15":{"start":{"line":16,"column":0},"end":{"line":16,"column":18}}},"s":{"0":1,"1":1,"2":1,"3":1,"5":1,"6":1,"7":1,"8":1,"9":1,"13":1,"15":1},"branchMap":{"0":{"type":"branch","line":6,"loc":{"start":{"line":6,"column":0},"end":{"line":14,"column":1}},"locations":[{"start":{"line":6,"column":0},"end":{"line":14,"column":1}}]}},"b":{"0":[1]},"fnMap":{"0":{"name":"App","decl":{"start":{"line":6,"column":0},"end":{"line":14,"column":1}},"loc":{"start":{"line":6,"column":0},"end":{"line":14,"column":1}},"line":6}},"f":{"0":1}}
,"/Users/chema/projects/myCV/myCV/src/main.tsx": {"path":"/Users/chema/projects/myCV/myCV/src/main.tsx","all":false,"statementMap":{"0":{"start":{"line":1,"column":0},"end":{"line":1,"column":34}},"1":{"start":{"line":2,"column":0},"end":{"line":2,"column":45}},"2":{"start":{"line":3,"column":0},"end":{"line":3,"column":20}},"3":{"start":{"line":4,"column":0},"end":{"line":4,"column":27}},"5":{"start":{"line":6,"column":0},"end":{"line":6,"column":52}},"6":{"start":{"line":7,"column":0},"end":{"line":7,"column":14}},"7":{"start":{"line":8,"column":0},"end":{"line":8,"column":11}}},"s":{"0":1,"1":1,"2":1,"3":1,"5":1,"6":1,"7":1},"branchMap":{},"b":{},"fnMap":{},"f":{}}
,"/Users/chema/projects/myCV/myCV/src/components/cards/CardUser.tsx": {"path":"/Users/chema/projects/myCV/myCV/src/components/cards/CardUser.tsx","all":false,"statementMap":{"1":{"start":{"line":2,"column":0},"end":{"line":2,"column":48}},"3":{"start":{"line":4,"column":0},"end":{"line":4,"column":24}},"4":{"start":{"line":5,"column":0},"end":{"line":5,"column":43}},"6":{"start":{"line":7,"column":0},"end":{"line":7,"column":44}},"8":{"start":{"line":9,"column":0},"end":{"line":9,"column":10}},"9":{"start":{"line":10,"column":0},"end":{"line":10,"column":31}},"10":{"start":{"line":11,"column":0},"end":{"line":11,"column":18}},"11":{"start":{"line":12,"column":0},"end":{"line":12,"column":13}},"12":{"start":{"line":13,"column":0},"end":{"line":13,"column":34}},"13":{"start":{"line":14,"column":0},"end":{"line":14,"column":33}},"16":{"start":{"line":17,"column":0},"end":{"line":17,"column":37}},"20":{"start":{"line":21,"column":0},"end":{"line":21,"column":1}},"22":{"start":{"line":23,"column":0},"end":{"line":23,"column":24}}},"s":{"1":1,"3":1,"4":3,"6":3,"8":3,"9":3,"10":3,"11":1,"12":1,"13":1,"16":3,"20":3,"22":1},"branchMap":{"0":{"type":"branch","line":4,"loc":{"start":{"line":4,"column":17},"end":{"line":21,"column":1}},"locations":[{"start":{"line":4,"column":17},"end":{"line":21,"column":1}}]},"1":{"type":"branch","line":11,"loc":{"start":{"line":11,"column":7},"end":{"line":17,"column":9}},"locations":[{"start":{"line":11,"column":7},"end":{"line":17,"column":9}}]}},"b":{"0":[3],"1":[1]},"fnMap":{"0":{"name":"CardUser","decl":{"start":{"line":4,"column":17},"end":{"line":21,"column":1}},"loc":{"start":{"line":4,"column":17},"end":{"line":21,"column":1}},"line":4}},"f":{"0":3}}
,"/Users/chema/projects/myCV/myCV/src/context/ErrorsContext.tsx": {"path":"/Users/chema/projects/myCV/myCV/src/context/ErrorsContext.tsx","all":false,"statementMap":{"0":{"start":{"line":1,"column":0},"end":{"line":1,"column":9}},"13":{"start":{"line":14,"column":0},"end":{"line":14,"column":22}},"14":{"start":{"line":15,"column":0},"end":{"line":15,"column":87}},"16":{"start":{"line":17,"column":0},"end":{"line":17,"column":27}},"17":{"start":{"line":18,"column":0},"end":{"line":18,"column":76}},"18":{"start":{"line":19,"column":0},"end":{"line":19,"column":52}},"20":{"start":{"line":21,"column":0},"end":{"line":21,"column":38}},"21":{"start":{"line":22,"column":0},"end":{"line":22,"column":56}},"22":{"start":{"line":23,"column":0},"end":{"line":23,"column":5}},"24":{"start":{"line":25,"column":0},"end":{"line":25,"column":31}},"25":{"start":{"line":26,"column":0},"end":{"line":26,"column":32}},"26":{"start":{"line":27,"column":0},"end":{"line":27,"column":84}},"27":{"start":{"line":28,"column":0},"end":{"line":28,"column":7}},"28":{"start":{"line":29,"column":0},"end":{"line":29,"column":5}},"30":{"start":{"line":31,"column":0},"end":{"line":31,"column":51}},"31":{"start":{"line":32,"column":0},"end":{"line":32,"column":12}},"32":{"start":{"line":33,"column":0},"end":{"line":33,"column":44}},"33":{"start":{"line":34,"column":0},"end":{"line":34,"column":18}},"36":{"start":{"line":37,"column":0},"end":{"line":37,"column":4}}},"s":{"0":1,"13":1,"14":1,"16":1,"17":1,"18":6,"20":6,"21":1,"22":1,"24":6,"25":0,"26":0,"27":0,"28":0,"30":6,"31":6,"32":6,"33":6,"36":6},"branchMap":{"0":{"type":"branch","line":18,"loc":{"start":{"line":18,"column":32},"end":{"line":37,"column":4}},"locations":[{"start":{"line":18,"column":32},"end":{"line":37,"column":4}}]},"1":{"type":"branch","line":21,"loc":{"start":{"line":21,"column":21},"end":{"line":23,"column":5}},"locations":[{"start":{"line":21,"column":21},"end":{"line":23,"column":5}}]},"2":{"type":"branch","line":22,"loc":{"start":{"line":22,"column":16},"end":{"line":22,"column":56}},"locations":[{"start":{"line":22,"column":16},"end":{"line":22,"column":56}}]}},"b":{"0":[6],"1":[1],"2":[1]},"fnMap":{"0":{"name":"ErrorsProvider","decl":{"start":{"line":18,"column":32},"end":{"line":37,"column":4}},"loc":{"start":{"line":18,"column":32},"end":{"line":37,"column":4}},"line":18},"1":{"name":"addError","decl":{"start":{"line":21,"column":21},"end":{"line":23,"column":5}},"loc":{"start":{"line":21,"column":21},"end":{"line":23,"column":5}},"line":21},"2":{"name":"cleanErrors","decl":{"start":{"line":25,"column":24},"end":{"line":29,"column":5}},"loc":{"start":{"line":25,"column":24},"end":{"line":29,"column":5}},"line":25}},"f":{"0":6,"1":1,"2":0}}
,"/Users/chema/projects/myCV/myCV/src/context/data.tsx": {"path":"/Users/chema/projects/myCV/myCV/src/context/data.tsx","all":false,"statementMap":{"0":{"start":{"line":1,"column":0},"end":{"line":1,"column":9}},"6":{"start":{"line":7,"column":0},"end":{"line":7,"column":47}},"15":{"start":{"line":16,"column":0},"end":{"line":16,"column":38}},"16":{"start":{"line":17,"column":0},"end":{"line":17,"column":18}},"17":{"start":{"line":18,"column":0},"end":{"line":18,"column":16}},"18":{"start":{"line":19,"column":0},"end":{"line":19,"column":18}},"19":{"start":{"line":20,"column":0},"end":{"line":20,"column":20}},"20":{"start":{"line":21,"column":0},"end":{"line":21,"column":2}},"22":{"start":{"line":23,"column":0},"end":{"line":23,"column":64}},"24":{"start":{"line":25,"column":0},"end":{"line":25,"column":71}},"25":{"start":{"line":26,"column":0},"end":{"line":26,"column":63}},"26":{"start":{"line":27,"column":0},"end":{"line":27,"column":46}},"27":{"start":{"line":28,"column":0},"end":{"line":28,"column":44}},"29":{"start":{"line":30,"column":0},"end":{"line":30,"column":19}},"30":{"start":{"line":31,"column":0},"end":{"line":31,"column":29}},"31":{"start":{"line":32,"column":0},"end":{"line":32,"column":29}},"32":{"start":{"line":33,"column":0},"end":{"line":33,"column":24}},"33":{"start":{"line":34,"column":0},"end":{"line":34,"column":5}},"34":{"start":{"line":35,"column":0},"end":{"line":35,"column":12}},"36":{"start":{"line":37,"column":0},"end":{"line":37,"column":23}},"37":{"start":{"line":38,"column":0},"end":{"line":38,"column":22}},"38":{"start":{"line":39,"column":0},"end":{"line":39,"column":20}},"39":{"start":{"line":40,"column":0},"end":{"line":40,"column":4}},"41":{"start":{"line":42,"column":0},"end":{"line":42,"column":18}},"42":{"start":{"line":43,"column":0},"end":{"line":43,"column":32}},"43":{"start":{"line":44,"column":0},"end":{"line":44,"column":3}},"45":{"start":{"line":46,"column":0},"end":{"line":46,"column":10}},"46":{"start":{"line":47,"column":0},"end":{"line":47,"column":40}},"47":{"start":{"line":48,"column":0},"end":{"line":48,"column":18}},"50":{"start":{"line":51,"column":0},"end":{"line":51,"column":2}},"52":{"start":{"line":53,"column":0},"end":{"line":53,"column":23}},"53":{"start":{"line":54,"column":0},"end":{"line":54,"column":42}},"54":{"start":{"line":55,"column":0},"end":{"line":55,"column":17}},"55":{"start":{"line":56,"column":0},"end":{"line":56,"column":42}},"56":{"start":{"line":57,"column":0},"end":{"line":57,"column":3}},"57":{"start":{"line":58,"column":0},"end":{"line":58,"column":17}},"58":{"start":{"line":59,"column":0},"end":{"line":59,"column":2}}},"s":{"0":1,"6":1,"15":1,"16":1,"17":1,"18":1,"19":1,"20":1,"22":1,"24":1,"25":30,"26":30,"27":30,"29":30,"30":30,"31":15,"32":15,"33":15,"34":30,"36":30,"37":0,"38":0,"39":0,"41":30,"42":30,"43":30,"45":30,"46":30,"47":30,"50":30,"52":1,"53":44,"54":44,"55":0,"56":0,"57":44,"58":44},"branchMap":{"0":{"type":"branch","line":25,"loc":{"start":{"line":25,"column":21},"end":{"line":51,"column":2}},"locations":[{"start":{"line":25,"column":21},"end":{"line":51,"column":2}}]},"1":{"type":"branch","line":30,"loc":{"start":{"line":30,"column":12},"end":{"line":35,"column":5}},"locations":[{"start":{"line":30,"column":12},"end":{"line":35,"column":5}}]},"2":{"type":"branch","line":31,"loc":{"start":{"line":31,"column":28},"end":{"line":34,"column":5}},"locations":[{"start":{"line":31,"column":28},"end":{"line":34,"column":5}}]},"3":{"type":"branch","line":53,"loc":{"start":{"line":53,"column":16},"end":{"line":59,"column":2}},"locations":[{"start":{"line":53,"column":16},"end":{"line":59,"column":2}}]},"4":{"type":"branch","line":55,"loc":{"start":{"line":55,"column":16},"end":{"line":57,"column":3}},"locations":[{"start":{"line":55,"column":16},"end":{"line":57,"column":3}}]}},"b":{"0":[30],"1":[30],"2":[15],"3":[44],"4":[0]},"fnMap":{"0":{"name":"clean","decl":{"start":{"line":19,"column":9},"end":{"line":19,"column":18}},"loc":{"start":{"line":19,"column":9},"end":{"line":19,"column":18}},"line":19},"1":{"name":"setUser","decl":{"start":{"line":20,"column":11},"end":{"line":20,"column":20}},"loc":{"start":{"line":20,"column":11},"end":{"line":20,"column":20}},"line":20},"2":{"name":"DataProvider","decl":{"start":{"line":25,"column":21},"end":{"line":51,"column":2}},"loc":{"start":{"line":25,"column":21},"end":{"line":51,"column":2}},"line":25},"3":{"name":"clean","decl":{"start":{"line":37,"column":16},"end":{"line":40,"column":4}},"loc":{"start":{"line":37,"column":16},"end":{"line":40,"column":4}},"line":37},"4":{"name":"useData","decl":{"start":{"line":53,"column":16},"end":{"line":59,"column":2}},"loc":{"start":{"line":53,"column":16},"end":{"line":59,"column":2}},"line":53}},"f":{"0":0,"1":0,"2":30,"3":0,"4":44}}
,"/Users/chema/projects/myCV/myCV/src/hooks/useErrors.tsx": {"path":"/Users/chema/projects/myCV/myCV/src/hooks/useErrors.tsx","all":false,"statementMap":{"0":{"start":{"line":1,"column":0},"end":{"line":1,"column":35}},"1":{"start":{"line":2,"column":0},"end":{"line":2,"column":57}},"3":{"start":{"line":4,"column":0},"end":{"line":4,"column":22}},"4":{"start":{"line":5,"column":0},"end":{"line":5,"column":43}},"6":{"start":{"line":7,"column":0},"end":{"line":7,"column":38}},"7":{"start":{"line":8,"column":0},"end":{"line":8,"column":27}},"8":{"start":{"line":9,"column":0},"end":{"line":9,"column":55}},"9":{"start":{"line":10,"column":0},"end":{"line":10,"column":37}},"10":{"start":{"line":11,"column":0},"end":{"line":11,"column":17}},"11":{"start":{"line":12,"column":0},"end":{"line":12,"column":5}},"13":{"start":{"line":14,"column":0},"end":{"line":14,"column":12}},"14":{"start":{"line":15,"column":0},"end":{"line":15,"column":29}},"15":{"start":{"line":16,"column":0},"end":{"line":16,"column":47}},"16":{"start":{"line":17,"column":0},"end":{"line":17,"column":16}},"17":{"start":{"line":18,"column":0},"end":{"line":18,"column":9}},"18":{"start":{"line":19,"column":0},"end":{"line":19,"column":1}},"19":{"start":{"line":20,"column":0},"end":{"line":20,"column":24}}},"s":{"0":1,"1":1,"3":4,"4":4,"6":4,"7":1,"8":1,"9":1,"10":1,"11":1,"13":4,"14":4,"15":4,"16":4,"17":4,"18":4,"19":1},"branchMap":{"0":{"type":"branch","line":4,"loc":{"start":{"line":4,"column":0},"end":{"line":19,"column":1}},"locations":[{"start":{"line":4,"column":0},"end":{"line":19,"column":1}}]},"1":{"type":"branch","line":7,"loc":{"start":{"line":7,"column":21},"end":{"line":12,"column":5}},"locations":[{"start":{"line":7,"column":21},"end":{"line":12,"column":5}}]}},"b":{"0":[4],"1":[1]},"fnMap":{"0":{"name":"useErrors","decl":{"start":{"line":4,"column":0},"end":{"line":19,"column":1}},"loc":{"start":{"line":4,"column":0},"end":{"line":19,"column":1}},"line":4},"1":{"name":"addError","decl":{"start":{"line":7,"column":21},"end":{"line":12,"column":5}},"loc":{"start":{"line":7,"column":21},"end":{"line":12,"column":5}},"line":7},"2":{"name":"cleanErrors","decl":{"start":{"line":16,"column":21},"end":{"line":16,"column":47}},"loc":{"start":{"line":16,"column":21},"end":{"line":16,"column":47}},"line":16}},"f":{"0":4,"1":1,"2":0}}
,"/Users/chema/projects/myCV/myCV/src/hooks/useExpirience.tsx": {"path":"/Users/chema/projects/myCV/myCV/src/hooks/useExpirience.tsx","all":false,"statementMap":{"0":{"start":{"line":1,"column":0},"end":{"line":1,"column":44}},"1":{"start":{"line":2,"column":0},"end":{"line":2,"column":42}},"3":{"start":{"line":4,"column":0},"end":{"line":4,"column":29}},"4":{"start":{"line":5,"column":0},"end":{"line":5,"column":38}},"5":{"start":{"line":6,"column":0},"end":{"line":6,"column":60}},"7":{"start":{"line":8,"column":0},"end":{"line":8,"column":21}},"8":{"start":{"line":9,"column":0},"end":{"line":9,"column":21}},"9":{"start":{"line":10,"column":0},"end":{"line":10,"column":50}},"10":{"start":{"line":11,"column":0},"end":{"line":11,"column":16}},"11":{"start":{"line":12,"column":0},"end":{"line":12,"column":30}},"12":{"start":{"line":13,"column":0},"end":{"line":13,"column":9}},"13":{"start":{"line":14,"column":0},"end":{"line":14,"column":23}},"15":{"start":{"line":16,"column":0},"end":{"line":16,"column":39}},"16":{"start":{"line":17,"column":0},"end":{"line":17,"column":26}},"17":{"start":{"line":18,"column":0},"end":{"line":18,"column":6}},"19":{"start":{"line":20,"column":0},"end":{"line":20,"column":12}},"20":{"start":{"line":21,"column":0},"end":{"line":21,"column":19}},"21":{"start":{"line":22,"column":0},"end":{"line":22,"column":21}},"22":{"start":{"line":23,"column":0},"end":{"line":23,"column":6}},"23":{"start":{"line":24,"column":0},"end":{"line":24,"column":1}},"25":{"start":{"line":26,"column":0},"end":{"line":26,"column":29}}},"s":{"0":1,"1":1,"3":1,"4":9,"5":9,"7":9,"8":6,"9":3,"10":3,"11":3,"12":3,"13":9,"15":9,"16":1,"17":1,"19":9,"20":9,"21":9,"22":9,"23":9,"25":1},"branchMap":{"0":{"type":"branch","line":4,"loc":{"start":{"line":4,"column":22},"end":{"line":24,"column":1}},"locations":[{"start":{"line":4,"column":22},"end":{"line":24,"column":1}}]},"1":{"type":"branch","line":8,"loc":{"start":{"line":8,"column":14},"end":{"line":14,"column":7}},"locations":[{"start":{"line":8,"column":14},"end":{"line":14,"column":7}}]},"2":{"type":"branch","line":9,"loc":{"start":{"line":9,"column":20},"end":{"line":13,"column":9}},"locations":[{"start":{"line":9,"column":20},"end":{"line":13,"column":9}}]},"3":{"type":"branch","line":10,"loc":{"start":{"line":10,"column":42},"end":{"line":10,"column":48}},"locations":[{"start":{"line":10,"column":42},"end":{"line":10,"column":48}}]},"4":{"type":"branch","line":16,"loc":{"start":{"line":16,"column":26},"end":{"line":18,"column":6}},"locations":[{"start":{"line":16,"column":26},"end":{"line":18,"column":6}}]}},"b":{"0":[9],"1":[6],"2":[3],"3":[0],"4":[1]},"fnMap":{"0":{"name":"useExpirience","decl":{"start":{"line":4,"column":22},"end":{"line":24,"column":1}},"loc":{"start":{"line":4,"column":22},"end":{"line":24,"column":1}},"line":4},"1":{"name":"getExperience","decl":{"start":{"line":16,"column":26},"end":{"line":18,"column":6}},"loc":{"start":{"line":16,"column":26},"end":{"line":18,"column":6}},"line":16}},"f":{"0":9,"1":1}}
,"/Users/chema/projects/myCV/myCV/src/hooks/useFormacion.tsx": {"path":"/Users/chema/projects/myCV/myCV/src/hooks/useFormacion.tsx","all":false,"statementMap":{"0":{"start":{"line":1,"column":0},"end":{"line":1,"column":44}},"1":{"start":{"line":2,"column":0},"end":{"line":2,"column":42}},"3":{"start":{"line":4,"column":0},"end":{"line":4,"column":28}},"4":{"start":{"line":5,"column":0},"end":{"line":5,"column":38}},"5":{"start":{"line":6,"column":0},"end":{"line":6,"column":58}},"7":{"start":{"line":8,"column":0},"end":{"line":8,"column":21}},"8":{"start":{"line":9,"column":0},"end":{"line":9,"column":21}},"9":{"start":{"line":10,"column":0},"end":{"line":10,"column":47}},"10":{"start":{"line":11,"column":0},"end":{"line":11,"column":16}},"11":{"start":{"line":12,"column":0},"end":{"line":12,"column":29}},"12":{"start":{"line":13,"column":0},"end":{"line":13,"column":9}},"13":{"start":{"line":14,"column":0},"end":{"line":14,"column":23}},"15":{"start":{"line":16,"column":0},"end":{"line":16,"column":38}},"16":{"start":{"line":17,"column":0},"end":{"line":17,"column":25}},"17":{"start":{"line":18,"column":0},"end":{"line":18,"column":6}},"19":{"start":{"line":20,"column":0},"end":{"line":20,"column":12}},"20":{"start":{"line":21,"column":0},"end":{"line":21,"column":18}},"21":{"start":{"line":22,"column":0},"end":{"line":22,"column":20}},"22":{"start":{"line":23,"column":0},"end":{"line":23,"column":6}},"23":{"start":{"line":24,"column":0},"end":{"line":24,"column":1}},"25":{"start":{"line":26,"column":0},"end":{"line":26,"column":28}}},"s":{"0":1,"1":1,"3":1,"4":9,"5":9,"7":9,"8":6,"9":3,"10":3,"11":3,"12":3,"13":9,"15":9,"16":1,"17":1,"19":9,"20":9,"21":9,"22":9,"23":9,"25":1},"branchMap":{"0":{"type":"branch","line":4,"loc":{"start":{"line":4,"column":21},"end":{"line":24,"column":1}},"locations":[{"start":{"line":4,"column":21},"end":{"line":24,"column":1}}]},"1":{"type":"branch","line":8,"loc":{"start":{"line":8,"column":14},"end":{"line":14,"column":7}},"locations":[{"start":{"line":8,"column":14},"end":{"line":14,"column":7}}]},"2":{"type":"branch","line":9,"loc":{"start":{"line":9,"column":20},"end":{"line":13,"column":9}},"locations":[{"start":{"line":9,"column":20},"end":{"line":13,"column":9}}]},"3":{"type":"branch","line":10,"loc":{"start":{"line":10,"column":39},"end":{"line":10,"column":45}},"locations":[{"start":{"line":10,"column":39},"end":{"line":10,"column":45}}]},"4":{"type":"branch","line":16,"loc":{"start":{"line":16,"column":25},"end":{"line":18,"column":6}},"locations":[{"start":{"line":16,"column":25},"end":{"line":18,"column":6}}]}},"b":{"0":[9],"1":[6],"2":[3],"3":[0],"4":[1]},"fnMap":{"0":{"name":"useFormacion","decl":{"start":{"line":4,"column":21},"end":{"line":24,"column":1}},"loc":{"start":{"line":4,"column":21},"end":{"line":24,"column":1}},"line":4},"1":{"name":"getFormacion","decl":{"start":{"line":16,"column":25},"end":{"line":18,"column":6}},"loc":{"start":{"line":16,"column":25},"end":{"line":18,"column":6}},"line":16}},"f":{"0":9,"1":1}}
,"/Users/chema/projects/myCV/myCV/src/hooks/useIdiomas.tsx": {"path":"/Users/chema/projects/myCV/myCV/src/hooks/useIdiomas.tsx","all":false,"statementMap":{"0":{"start":{"line":1,"column":0},"end":{"line":1,"column":44}},"1":{"start":{"line":2,"column":0},"end":{"line":2,"column":42}},"3":{"start":{"line":4,"column":0},"end":{"line":4,"column":26}},"4":{"start":{"line":5,"column":0},"end":{"line":5,"column":38}},"5":{"start":{"line":6,"column":0},"end":{"line":6,"column":54}},"7":{"start":{"line":8,"column":0},"end":{"line":8,"column":21}},"8":{"start":{"line":9,"column":0},"end":{"line":9,"column":25}},"9":{"start":{"line":10,"column":0},"end":{"line":10,"column":32}},"10":{"start":{"line":11,"column":0},"end":{"line":11,"column":16}},"12":{"start":{"line":13,"column":0},"end":{"line":13,"column":23}},"14":{"start":{"line":15,"column":0},"end":{"line":15,"column":36}},"15":{"start":{"line":16,"column":0},"end":{"line":16,"column":23}},"16":{"start":{"line":17,"column":0},"end":{"line":17,"column":6}},"18":{"start":{"line":19,"column":0},"end":{"line":19,"column":12}},"19":{"start":{"line":20,"column":0},"end":{"line":20,"column":16}},"20":{"start":{"line":21,"column":0},"end":{"line":21,"column":18}},"21":{"start":{"line":22,"column":0},"end":{"line":22,"column":6}},"22":{"start":{"line":23,"column":0},"end":{"line":23,"column":1}},"24":{"start":{"line":25,"column":0},"end":{"line":25,"column":26}}},"s":{"0":1,"1":1,"3":1,"4":9,"5":9,"7":9,"8":6,"9":3,"10":3,"12":9,"14":9,"15":1,"16":1,"18":9,"19":9,"20":9,"21":9,"22":9,"24":1},"branchMap":{"0":{"type":"branch","line":4,"loc":{"start":{"line":4,"column":19},"end":{"line":23,"column":1}},"locations":[{"start":{"line":4,"column":19},"end":{"line":23,"column":1}}]},"1":{"type":"branch","line":8,"loc":{"start":{"line":8,"column":14},"end":{"line":13,"column":7}},"locations":[{"start":{"line":8,"column":14},"end":{"line":13,"column":7}}]},"2":{"type":"branch","line":9,"loc":{"start":{"line":9,"column":19},"end":{"line":10,"column":32}},"locations":[{"start":{"line":9,"column":19},"end":{"line":10,"column":32}}]},"3":{"type":"branch","line":10,"loc":{"start":{"line":10,"column":26},"end":{"line":10,"column":32}},"locations":[{"start":{"line":10,"column":26},"end":{"line":10,"column":32}}]},"4":{"type":"branch","line":11,"loc":{"start":{"line":11,"column":-1},"end":{"line":11,"column":16}},"locations":[{"start":{"line":11,"column":-1},"end":{"line":11,"column":16}}]},"5":{"type":"branch","line":15,"loc":{"start":{"line":15,"column":23},"end":{"line":17,"column":6}},"locations":[{"start":{"line":15,"column":23},"end":{"line":17,"column":6}}]}},"b":{"0":[9],"1":[6],"2":[3],"3":[0],"4":[3],"5":[1]},"fnMap":{"0":{"name":"useIdiomas","decl":{"start":{"line":4,"column":19},"end":{"line":23,"column":1}},"loc":{"start":{"line":4,"column":19},"end":{"line":23,"column":1}},"line":4},"1":{"name":"getIdiomas","decl":{"start":{"line":15,"column":23},"end":{"line":17,"column":6}},"loc":{"start":{"line":15,"column":23},"end":{"line":17,"column":6}},"line":15}},"f":{"0":9,"1":1}}
,"/Users/chema/projects/myCV/myCV/src/hooks/useProfile.tsx": {"path":"/Users/chema/projects/myCV/myCV/src/hooks/useProfile.tsx","all":false,"statementMap":{"0":{"start":{"line":1,"column":0},"end":{"line":1,"column":44}},"1":{"start":{"line":2,"column":0},"end":{"line":2,"column":42}},"3":{"start":{"line":4,"column":0},"end":{"line":4,"column":23}},"4":{"start":{"line":5,"column":0},"end":{"line":5,"column":39}},"5":{"start":{"line":6,"column":0},"end":{"line":6,"column":61}},"7":{"start":{"line":8,"column":0},"end":{"line":8,"column":21}},"8":{"start":{"line":9,"column":0},"end":{"line":9,"column":19}},"9":{"start":{"line":10,"column":0},"end":{"line":10,"column":24}},"10":{"start":{"line":11,"column":0},"end":{"line":11,"column":34}},"11":{"start":{"line":12,"column":0},"end":{"line":12,"column":38}},"12":{"start":{"line":13,"column":0},"end":{"line":13,"column":44}},"13":{"start":{"line":14,"column":0},"end":{"line":14,"column":36}},"14":{"start":{"line":15,"column":0},"end":{"line":15,"column":42}},"15":{"start":{"line":16,"column":0},"end":{"line":16,"column":38}},"16":{"start":{"line":17,"column":0},"end":{"line":17,"column":37}},"17":{"start":{"line":18,"column":0},"end":{"line":18,"column":15}},"18":{"start":{"line":19,"column":0},"end":{"line":19,"column":16}},"19":{"start":{"line":20,"column":0},"end":{"line":20,"column":29}},"20":{"start":{"line":21,"column":0},"end":{"line":21,"column":9}},"21":{"start":{"line":22,"column":0},"end":{"line":22,"column":23}},"23":{"start":{"line":24,"column":0},"end":{"line":24,"column":36}},"24":{"start":{"line":25,"column":0},"end":{"line":25,"column":23}},"25":{"start":{"line":26,"column":0},"end":{"line":26,"column":6}},"27":{"start":{"line":28,"column":0},"end":{"line":28,"column":12}},"28":{"start":{"line":29,"column":0},"end":{"line":29,"column":16}},"29":{"start":{"line":30,"column":0},"end":{"line":30,"column":19}},"30":{"start":{"line":31,"column":0},"end":{"line":31,"column":14}},"31":{"start":{"line":32,"column":0},"end":{"line":32,"column":6}},"32":{"start":{"line":33,"column":0},"end":{"line":33,"column":1}},"34":{"start":{"line":35,"column":0},"end":{"line":35,"column":26}}},"s":{"0":1,"1":1,"3":15,"4":15,"5":15,"7":15,"8":10,"9":5,"10":5,"11":5,"12":5,"13":5,"14":5,"15":5,"16":5,"17":5,"18":5,"19":5,"20":5,"21":15,"23":15,"24":1,"25":1,"27":15,"28":15,"29":15,"30":15,"31":15,"32":15,"34":1},"branchMap":{"0":{"type":"branch","line":4,"loc":{"start":{"line":4,"column":0},"end":{"line":33,"column":1}},"locations":[{"start":{"line":4,"column":0},"end":{"line":33,"column":1}}]},"1":{"type":"branch","line":8,"loc":{"start":{"line":8,"column":14},"end":{"line":22,"column":7}},"locations":[{"start":{"line":8,"column":14},"end":{"line":22,"column":7}}]},"2":{"type":"branch","line":9,"loc":{"start":{"line":9,"column":18},"end":{"line":21,"column":9}},"locations":[{"start":{"line":9,"column":18},"end":{"line":21,"column":9}}]},"3":{"type":"branch","line":24,"loc":{"start":{"line":24,"column":23},"end":{"line":26,"column":6}},"locations":[{"start":{"line":24,"column":23},"end":{"line":26,"column":6}}]}},"b":{"0":[15],"1":[10],"2":[5],"3":[1]},"fnMap":{"0":{"name":"useProfile","decl":{"start":{"line":4,"column":0},"end":{"line":33,"column":1}},"loc":{"start":{"line":4,"column":0},"end":{"line":33,"column":1}},"line":4},"1":{"name":"getProfile","decl":{"start":{"line":24,"column":23},"end":{"line":26,"column":6}},"loc":{"start":{"line":24,"column":23},"end":{"line":26,"column":6}},"line":24}},"f":{"0":15,"1":1}}
,"/Users/chema/projects/myCV/myCV/src/lib/utils.ts": {"path":"/Users/chema/projects/myCV/myCV/src/lib/utils.ts","all":true,"statementMap":{"0":{"start":{"line":1,"column":0},"end":{"line":1,"column":44}},"1":{"start":{"line":2,"column":0},"end":{"line":2,"column":40}},"3":{"start":{"line":4,"column":0},"end":{"line":4,"column":45}},"4":{"start":{"line":5,"column":0},"end":{"line":5,"column":30}},"5":{"start":{"line":6,"column":0},"end":{"line":6,"column":1}}},"s":{"0":0,"1":0,"3":0,"4":0,"5":0},"branchMap":{"0":{"type":"branch","line":1,"loc":{"start":{"line":1,"column":0},"end":{"line":6,"column":-79}},"locations":[{"start":{"line":1,"column":0},"end":{"line":6,"column":-79}}]}},"b":{"0":[0]},"fnMap":{"0":{"name":"(empty-report)","decl":{"start":{"line":1,"column":0},"end":{"line":6,"column":-79}},"loc":{"start":{"line":1,"column":0},"end":{"line":6,"column":-79}},"line":1}},"f":{"0":0}}
}
